<?xml version="1.0" encoding="UTF-8"?>
<testsuite name="com.jojoldu.book.springboot.web.ProfileControllerTest" tests="1" skipped="0" failures="0" errors="0" timestamp="2021-09-03T08:00:12" hostname="DESKTOP-CPL6A0L" time="0.012">
  <properties/>
  <testcase name="profile은_인증없이_호출된다" classname="com.jojoldu.book.springboot.web.ProfileControllerTest" time="0.012"/>
  <system-out><![CDATA[2021-09-03 17:00:12.139  INFO 14292 --- [    Test worker] .b.t.c.SpringBootTestContextBootstrapper : Neither @ContextConfiguration nor @ContextHierarchy found for test class [com.jojoldu.book.springboot.web.ProfileControllerTest], using SpringBootContextLoader
2021-09-03 17:00:12.139  INFO 14292 --- [    Test worker] o.s.t.c.support.AbstractContextLoader    : Could not detect default resource locations for test class [com.jojoldu.book.springboot.web.ProfileControllerTest]: no resource found for suffixes {-context.xml, Context.groovy}.
2021-09-03 17:00:12.139  INFO 14292 --- [    Test worker] t.c.s.AnnotationConfigContextLoaderUtils : Could not detect default configuration classes for test class [com.jojoldu.book.springboot.web.ProfileControllerTest]: ProfileControllerTest does not declare any static, non-private, non-final, nested classes annotated with @Configuration.
2021-09-03 17:00:12.139  INFO 14292 --- [    Test worker] .b.t.c.SpringBootTestContextBootstrapper : Found @SpringBootConfiguration com.jojoldu.book.springboot.Application for test class com.jojoldu.book.springboot.web.ProfileControllerTest
2021-09-03 17:00:12.139  INFO 14292 --- [    Test worker] .b.t.c.SpringBootTestContextBootstrapper : Loaded default TestExecutionListener class names from location [META-INF/spring.factories]: [org.springframework.security.test.context.support.WithSecurityContextTestExecutionListener, org.springframework.security.test.context.support.ReactorContextTestExecutionListener, org.springframework.boot.test.autoconfigure.restdocs.RestDocsTestExecutionListener, org.springframework.boot.test.autoconfigure.web.client.MockRestServiceServerResetTestExecutionListener, org.springframework.boot.test.autoconfigure.web.servlet.MockMvcPrintOnlyOnFailureTestExecutionListener, org.springframework.boot.test.autoconfigure.web.servlet.WebDriverTestExecutionListener, org.springframework.boot.test.mock.mockito.MockitoTestExecutionListener, org.springframework.boot.test.mock.mockito.ResetMocksTestExecutionListener, org.springframework.test.context.web.ServletTestExecutionListener, org.springframework.test.context.support.DirtiesContextBeforeModesTestExecutionListener, org.springframework.test.context.support.DependencyInjectionTestExecutionListener, org.springframework.test.context.support.DirtiesContextTestExecutionListener, org.springframework.test.context.transaction.TransactionalTestExecutionListener, org.springframework.test.context.jdbc.SqlScriptsTestExecutionListener]
2021-09-03 17:00:12.155  INFO 14292 --- [    Test worker] .b.t.c.SpringBootTestContextBootstrapper : Using TestExecutionListeners: [org.springframework.test.context.web.ServletTestExecutionListener@522bcc53, org.springframework.test.context.support.DirtiesContextBeforeModesTestExecutionListener@1d199f9e, org.springframework.boot.test.mock.mockito.MockitoTestExecutionListener@2db4f40f, org.springframework.boot.test.autoconfigure.SpringBootDependencyInjectionTestExecutionListener@5db77f2f, org.springframework.test.context.support.DirtiesContextTestExecutionListener@51f2799e, org.springframework.test.context.transaction.TransactionalTestExecutionListener@c6e951, org.springframework.test.context.jdbc.SqlScriptsTestExecutionListener@a5871ca, org.springframework.security.test.context.support.WithSecurityContextTestExecutionListener@6c7029a9, org.springframework.security.test.context.support.ReactorContextTestExecutionListener@2e0c8330, org.springframework.boot.test.autoconfigure.restdocs.RestDocsTestExecutionListener@19b77bc1, org.springframework.boot.test.autoconfigure.web.client.MockRestServiceServerResetTestExecutionListener@50289f1c, org.springframework.boot.test.autoconfigure.web.servlet.MockMvcPrintOnlyOnFailureTestExecutionListener@3d78d9d1, org.springframework.boot.test.autoconfigure.web.servlet.WebDriverTestExecutionListener@77a7d84d, org.springframework.boot.test.mock.mockito.ResetMocksTestExecutionListener@55eccc0b]
]]></system-out>
  <system-err><![CDATA[]]></system-err>
</testsuite>
