<?xml version="1.0" encoding="UTF-8"?>
<testsuite name="com.jojoldu.book.springboot.web.HelloControllerTest" tests="2" skipped="0" failures="0" errors="0" timestamp="2021-09-03T08:00:09" hostname="DESKTOP-CPL6A0L" time="0.162">
  <properties/>
  <testcase name="hello가_리턴된다" classname="com.jojoldu.book.springboot.web.HelloControllerTest" time="0.069"/>
  <testcase name="helloDto가_리턴된다" classname="com.jojoldu.book.springboot.web.HelloControllerTest" time="0.093"/>
  <system-out><![CDATA[2021-09-03 17:00:08.576  INFO 14292 --- [    Test worker] .b.t.a.w.s.WebMvcTestContextBootstrapper : Neither @ContextConfiguration nor @ContextHierarchy found for test class [com.jojoldu.book.springboot.web.HelloControllerTest], using SpringBootContextLoader
2021-09-03 17:00:08.576  INFO 14292 --- [    Test worker] o.s.t.c.support.AbstractContextLoader    : Could not detect default resource locations for test class [com.jojoldu.book.springboot.web.HelloControllerTest]: no resource found for suffixes {-context.xml, Context.groovy}.
2021-09-03 17:00:08.576  INFO 14292 --- [    Test worker] t.c.s.AnnotationConfigContextLoaderUtils : Could not detect default configuration classes for test class [com.jojoldu.book.springboot.web.HelloControllerTest]: HelloControllerTest does not declare any static, non-private, non-final, nested classes annotated with @Configuration.
2021-09-03 17:00:08.607  INFO 14292 --- [    Test worker] .b.t.c.SpringBootTestContextBootstrapper : Found @SpringBootConfiguration com.jojoldu.book.springboot.Application for test class com.jojoldu.book.springboot.web.HelloControllerTest
2021-09-03 17:00:08.607  INFO 14292 --- [    Test worker] .b.t.a.w.s.WebMvcTestContextBootstrapper : Loaded default TestExecutionListener class names from location [META-INF/spring.factories]: [org.springframework.security.test.context.support.WithSecurityContextTestExecutionListener, org.springframework.security.test.context.support.ReactorContextTestExecutionListener, org.springframework.boot.test.autoconfigure.restdocs.RestDocsTestExecutionListener, org.springframework.boot.test.autoconfigure.web.client.MockRestServiceServerResetTestExecutionListener, org.springframework.boot.test.autoconfigure.web.servlet.MockMvcPrintOnlyOnFailureTestExecutionListener, org.springframework.boot.test.autoconfigure.web.servlet.WebDriverTestExecutionListener, org.springframework.boot.test.mock.mockito.MockitoTestExecutionListener, org.springframework.boot.test.mock.mockito.ResetMocksTestExecutionListener, org.springframework.test.context.web.ServletTestExecutionListener, org.springframework.test.context.support.DirtiesContextBeforeModesTestExecutionListener, org.springframework.test.context.support.DependencyInjectionTestExecutionListener, org.springframework.test.context.support.DirtiesContextTestExecutionListener, org.springframework.test.context.transaction.TransactionalTestExecutionListener, org.springframework.test.context.jdbc.SqlScriptsTestExecutionListener]
2021-09-03 17:00:08.607  INFO 14292 --- [    Test worker] .b.t.a.w.s.WebMvcTestContextBootstrapper : Using TestExecutionListeners: [org.springframework.test.context.web.ServletTestExecutionListener@2f8ac043, org.springframework.test.context.support.DirtiesContextBeforeModesTestExecutionListener@3b00646d, org.springframework.boot.test.mock.mockito.MockitoTestExecutionListener@a34ada4, org.springframework.boot.test.autoconfigure.SpringBootDependencyInjectionTestExecutionListener@3aee4144, org.springframework.test.context.support.DirtiesContextTestExecutionListener@439f0682, org.springframework.test.context.transaction.TransactionalTestExecutionListener@7b042190, org.springframework.test.context.jdbc.SqlScriptsTestExecutionListener@54f2ead9, org.springframework.security.test.context.support.WithSecurityContextTestExecutionListener@1cde6562, org.springframework.security.test.context.support.ReactorContextTestExecutionListener@27cecb6d, org.springframework.boot.test.autoconfigure.restdocs.RestDocsTestExecutionListener@7d1c66a5, org.springframework.boot.test.autoconfigure.web.client.MockRestServiceServerResetTestExecutionListener@3e7bfffd, org.springframework.boot.test.autoconfigure.web.servlet.MockMvcPrintOnlyOnFailureTestExecutionListener@51e17825, org.springframework.boot.test.autoconfigure.web.servlet.WebDriverTestExecutionListener@2544d7, org.springframework.boot.test.mock.mockito.ResetMocksTestExecutionListener@1e122338]

  .   ____          _            __ _ _
 /\\ / ___'_ __ _ _(_)_ __  __ _ \ \ \ \
( ( )\___ | '_ | '_| | '_ \/ _` | \ \ \ \
 \\/  ___)| |_)| | | | | || (_| |  ) ) ) )
  '  |____| .__|_| |_|_| |_\__, | / / / /
 =========|_|==============|___/=/_/_/_/
 :: Spring Boot ::        (v2.1.9.RELEASE)

2021-09-03 17:00:08.638  INFO 14292 --- [    Test worker] c.j.b.s.web.HelloControllerTest          : Starting HelloControllerTest on DESKTOP-CPL6A0L with PID 14292 (started by doqnt in C:\dev\spring initializr\freelec-springboot2-webservice)
2021-09-03 17:00:08.638  INFO 14292 --- [    Test worker] c.j.b.s.web.HelloControllerTest          : No active profile set, falling back to default profiles: default
2021-09-03 17:00:09.054  INFO 14292 --- [    Test worker] o.s.s.concurrent.ThreadPoolTaskExecutor  : Initializing ExecutorService 'applicationTaskExecutor'
2021-09-03 17:00:09.100  INFO 14292 --- [    Test worker] o.s.b.a.w.s.WelcomePageHandlerMapping    : Adding welcome page template: index
2021-09-03 17:00:09.296  INFO 14292 --- [    Test worker] .s.s.UserDetailsServiceAutoConfiguration : 

Using generated security password: 148a5106-b264-48b8-9ec0-11869c2910c5

2021-09-03 17:00:09.421  INFO 14292 --- [    Test worker] o.s.s.web.DefaultSecurityFilterChain     : Creating filter chain: any request, [org.springframework.security.web.context.request.async.WebAsyncManagerIntegrationFilter@70f0afa2, org.springframework.security.web.context.SecurityContextPersistenceFilter@25828788, org.springframework.security.web.header.HeaderWriterFilter@7937fdab, org.springframework.security.web.csrf.CsrfFilter@69edc0f8, org.springframework.security.web.authentication.logout.LogoutFilter@1af1cbbf, org.springframework.security.web.authentication.UsernamePasswordAuthenticationFilter@2b6590c, org.springframework.security.web.authentication.ui.DefaultLoginPageGeneratingFilter@e59cc5a, org.springframework.security.web.authentication.ui.DefaultLogoutPageGeneratingFilter@12793cbf, org.springframework.security.web.authentication.www.BasicAuthenticationFilter@34d28953, org.springframework.security.web.savedrequest.RequestCacheAwareFilter@66720252, org.springframework.security.web.servletapi.SecurityContextHolderAwareRequestFilter@20ee7192, org.springframework.security.web.authentication.AnonymousAuthenticationFilter@32c1b7b2, org.springframework.security.web.session.SessionManagementFilter@7e5a0875, org.springframework.security.web.access.ExceptionTranslationFilter@6c25e2c8, org.springframework.security.web.access.intercept.FilterSecurityInterceptor@f4cf885]
2021-09-03 17:00:09.437  INFO 14292 --- [    Test worker] o.s.b.t.m.w.SpringBootMockServletContext : Initializing Spring TestDispatcherServlet ''
2021-09-03 17:00:09.437  INFO 14292 --- [    Test worker] o.s.t.web.servlet.TestDispatcherServlet  : Initializing Servlet ''
2021-09-03 17:00:09.453  INFO 14292 --- [    Test worker] o.s.t.web.servlet.TestDispatcherServlet  : Completed initialization in 16 ms
2021-09-03 17:00:09.484  INFO 14292 --- [    Test worker] c.j.b.s.web.HelloControllerTest          : Started HelloControllerTest in 0.877 seconds (JVM running for 7.551)
]]></system-out>
  <system-err><![CDATA[]]></system-err>
</testsuite>
