<?xml version="1.0" encoding="UTF-8"?>
<testsuite name="com.jojoldu.book.springboot.web.HelloControllerTest" tests="2" skipped="0" failures="0" errors="0" timestamp="2021-09-02T15:10:29" hostname="DESKTOP-CPL6A0L" time="0.158">
  <properties/>
  <testcase name="hello가_리턴된다" classname="com.jojoldu.book.springboot.web.HelloControllerTest" time="0.067"/>
  <testcase name="helloDto가_리턴된다" classname="com.jojoldu.book.springboot.web.HelloControllerTest" time="0.09"/>
  <system-out><![CDATA[2021-09-03 00:10:28.294  INFO 13244 --- [    Test worker] .b.t.a.w.s.WebMvcTestContextBootstrapper : Neither @ContextConfiguration nor @ContextHierarchy found for test class [com.jojoldu.book.springboot.web.HelloControllerTest], using SpringBootContextLoader
2021-09-03 00:10:28.294  INFO 13244 --- [    Test worker] o.s.t.c.support.AbstractContextLoader    : Could not detect default resource locations for test class [com.jojoldu.book.springboot.web.HelloControllerTest]: no resource found for suffixes {-context.xml, Context.groovy}.
2021-09-03 00:10:28.294  INFO 13244 --- [    Test worker] t.c.s.AnnotationConfigContextLoaderUtils : Could not detect default configuration classes for test class [com.jojoldu.book.springboot.web.HelloControllerTest]: HelloControllerTest does not declare any static, non-private, non-final, nested classes annotated with @Configuration.
2021-09-03 00:10:28.326  INFO 13244 --- [    Test worker] .b.t.c.SpringBootTestContextBootstrapper : Found @SpringBootConfiguration com.jojoldu.book.springboot.Application for test class com.jojoldu.book.springboot.web.HelloControllerTest
2021-09-03 00:10:28.326  INFO 13244 --- [    Test worker] .b.t.a.w.s.WebMvcTestContextBootstrapper : Loaded default TestExecutionListener class names from location [META-INF/spring.factories]: [org.springframework.security.test.context.support.WithSecurityContextTestExecutionListener, org.springframework.security.test.context.support.ReactorContextTestExecutionListener, org.springframework.boot.test.autoconfigure.restdocs.RestDocsTestExecutionListener, org.springframework.boot.test.autoconfigure.web.client.MockRestServiceServerResetTestExecutionListener, org.springframework.boot.test.autoconfigure.web.servlet.MockMvcPrintOnlyOnFailureTestExecutionListener, org.springframework.boot.test.autoconfigure.web.servlet.WebDriverTestExecutionListener, org.springframework.boot.test.mock.mockito.MockitoTestExecutionListener, org.springframework.boot.test.mock.mockito.ResetMocksTestExecutionListener, org.springframework.test.context.web.ServletTestExecutionListener, org.springframework.test.context.support.DirtiesContextBeforeModesTestExecutionListener, org.springframework.test.context.support.DependencyInjectionTestExecutionListener, org.springframework.test.context.support.DirtiesContextTestExecutionListener, org.springframework.test.context.transaction.TransactionalTestExecutionListener, org.springframework.test.context.jdbc.SqlScriptsTestExecutionListener]
2021-09-03 00:10:28.326  INFO 13244 --- [    Test worker] .b.t.a.w.s.WebMvcTestContextBootstrapper : Using TestExecutionListeners: [org.springframework.test.context.web.ServletTestExecutionListener@75bb6fd9, org.springframework.test.context.support.DirtiesContextBeforeModesTestExecutionListener@6071a1fd, org.springframework.boot.test.mock.mockito.MockitoTestExecutionListener@27addb05, org.springframework.boot.test.autoconfigure.SpringBootDependencyInjectionTestExecutionListener@2f336fc4, org.springframework.test.context.support.DirtiesContextTestExecutionListener@158185c, org.springframework.test.context.transaction.TransactionalTestExecutionListener@6c4b2fc3, org.springframework.test.context.jdbc.SqlScriptsTestExecutionListener@2577a4bc, org.springframework.security.test.context.support.WithSecurityContextTestExecutionListener@110ea299, org.springframework.security.test.context.support.ReactorContextTestExecutionListener@5055c21c, org.springframework.boot.test.autoconfigure.restdocs.RestDocsTestExecutionListener@6555dae2, org.springframework.boot.test.autoconfigure.web.client.MockRestServiceServerResetTestExecutionListener@7d9fd0b0, org.springframework.boot.test.autoconfigure.web.servlet.MockMvcPrintOnlyOnFailureTestExecutionListener@19e1aff0, org.springframework.boot.test.autoconfigure.web.servlet.WebDriverTestExecutionListener@67dacbf2, org.springframework.boot.test.mock.mockito.ResetMocksTestExecutionListener@2c138f21]

  .   ____          _            __ _ _
 /\\ / ___'_ __ _ _(_)_ __  __ _ \ \ \ \
( ( )\___ | '_ | '_| | '_ \/ _` | \ \ \ \
 \\/  ___)| |_)| | | | | || (_| |  ) ) ) )
  '  |____| .__|_| |_|_| |_\__, | / / / /
 =========|_|==============|___/=/_/_/_/
 :: Spring Boot ::        (v2.1.9.RELEASE)

2021-09-03 00:10:28.358  INFO 13244 --- [    Test worker] c.j.b.s.web.HelloControllerTest          : Starting HelloControllerTest on DESKTOP-CPL6A0L with PID 13244 (started by doqnt in C:\dev\spring initializr\freelec-springboot2-webservice)
2021-09-03 00:10:28.358  INFO 13244 --- [    Test worker] c.j.b.s.web.HelloControllerTest          : No active profile set, falling back to default profiles: default
2021-09-03 00:10:28.784  INFO 13244 --- [    Test worker] o.s.s.concurrent.ThreadPoolTaskExecutor  : Initializing ExecutorService 'applicationTaskExecutor'
2021-09-03 00:10:28.816  INFO 13244 --- [    Test worker] o.s.b.a.w.s.WelcomePageHandlerMapping    : Adding welcome page template: index
2021-09-03 00:10:29.000  INFO 13244 --- [    Test worker] .s.s.UserDetailsServiceAutoConfiguration : 

Using generated security password: bc661c88-e446-4115-a117-9cecac2eb9a9

2021-09-03 00:10:29.112  INFO 13244 --- [    Test worker] o.s.s.web.DefaultSecurityFilterChain     : Creating filter chain: any request, [org.springframework.security.web.context.request.async.WebAsyncManagerIntegrationFilter@2a5e2bb5, org.springframework.security.web.context.SecurityContextPersistenceFilter@64acc90c, org.springframework.security.web.header.HeaderWriterFilter@279cbc00, org.springframework.security.web.csrf.CsrfFilter@1825c712, org.springframework.security.web.authentication.logout.LogoutFilter@2487895, org.springframework.security.web.authentication.UsernamePasswordAuthenticationFilter@5fded51e, org.springframework.security.web.authentication.ui.DefaultLoginPageGeneratingFilter@34f923eb, org.springframework.security.web.authentication.ui.DefaultLogoutPageGeneratingFilter@6c25e2c8, org.springframework.security.web.authentication.www.BasicAuthenticationFilter@55a815e2, org.springframework.security.web.savedrequest.RequestCacheAwareFilter@584b9bf4, org.springframework.security.web.servletapi.SecurityContextHolderAwareRequestFilter@1a755041, org.springframework.security.web.authentication.AnonymousAuthenticationFilter@7937fdab, org.springframework.security.web.session.SessionManagementFilter@1137e2b6, org.springframework.security.web.access.ExceptionTranslationFilter@3af0d578, org.springframework.security.web.access.intercept.FilterSecurityInterceptor@3fc72e3f]
2021-09-03 00:10:29.152  INFO 13244 --- [    Test worker] o.s.b.t.m.w.SpringBootMockServletContext : Initializing Spring TestDispatcherServlet ''
2021-09-03 00:10:29.152  INFO 13244 --- [    Test worker] o.s.t.web.servlet.TestDispatcherServlet  : Initializing Servlet ''
2021-09-03 00:10:29.168  INFO 13244 --- [    Test worker] o.s.t.web.servlet.TestDispatcherServlet  : Completed initialization in 16 ms
2021-09-03 00:10:29.192  INFO 13244 --- [    Test worker] c.j.b.s.web.HelloControllerTest          : Started HelloControllerTest in 0.866 seconds (JVM running for 8.53)
]]></system-out>
  <system-err><![CDATA[]]></system-err>
</testsuite>
