<?xml version="1.0" encoding="UTF-8"?>
<testsuite name="com.jojoldu.book.springboot.web.ProfileControllerTest" tests="1" skipped="0" failures="0" errors="0" timestamp="2021-09-03T10:30:45" hostname="DESKTOP-CPL6A0L" time="0.017">
  <properties/>
  <testcase name="profile은_인증없이_호출된다" classname="com.jojoldu.book.springboot.web.ProfileControllerTest" time="0.017"/>
  <system-out><![CDATA[2021-09-03 19:30:45.798  INFO 22396 --- [    Test worker] .b.t.c.SpringBootTestContextBootstrapper : Neither @ContextConfiguration nor @ContextHierarchy found for test class [com.jojoldu.book.springboot.web.ProfileControllerTest], using SpringBootContextLoader
2021-09-03 19:30:45.798  INFO 22396 --- [    Test worker] o.s.t.c.support.AbstractContextLoader    : Could not detect default resource locations for test class [com.jojoldu.book.springboot.web.ProfileControllerTest]: no resource found for suffixes {-context.xml, Context.groovy}.
2021-09-03 19:30:45.798  INFO 22396 --- [    Test worker] t.c.s.AnnotationConfigContextLoaderUtils : Could not detect default configuration classes for test class [com.jojoldu.book.springboot.web.ProfileControllerTest]: ProfileControllerTest does not declare any static, non-private, non-final, nested classes annotated with @Configuration.
2021-09-03 19:30:45.798  INFO 22396 --- [    Test worker] .b.t.c.SpringBootTestContextBootstrapper : Found @SpringBootConfiguration com.jojoldu.book.springboot.Application for test class com.jojoldu.book.springboot.web.ProfileControllerTest
2021-09-03 19:30:45.798  INFO 22396 --- [    Test worker] .b.t.c.SpringBootTestContextBootstrapper : Loaded default TestExecutionListener class names from location [META-INF/spring.factories]: [org.springframework.security.test.context.support.WithSecurityContextTestExecutionListener, org.springframework.security.test.context.support.ReactorContextTestExecutionListener, org.springframework.boot.test.autoconfigure.restdocs.RestDocsTestExecutionListener, org.springframework.boot.test.autoconfigure.web.client.MockRestServiceServerResetTestExecutionListener, org.springframework.boot.test.autoconfigure.web.servlet.MockMvcPrintOnlyOnFailureTestExecutionListener, org.springframework.boot.test.autoconfigure.web.servlet.WebDriverTestExecutionListener, org.springframework.boot.test.mock.mockito.MockitoTestExecutionListener, org.springframework.boot.test.mock.mockito.ResetMocksTestExecutionListener, org.springframework.test.context.web.ServletTestExecutionListener, org.springframework.test.context.support.DirtiesContextBeforeModesTestExecutionListener, org.springframework.test.context.support.DependencyInjectionTestExecutionListener, org.springframework.test.context.support.DirtiesContextTestExecutionListener, org.springframework.test.context.transaction.TransactionalTestExecutionListener, org.springframework.test.context.jdbc.SqlScriptsTestExecutionListener]
2021-09-03 19:30:45.798  INFO 22396 --- [    Test worker] .b.t.c.SpringBootTestContextBootstrapper : Using TestExecutionListeners: [org.springframework.test.context.web.ServletTestExecutionListener@71bb3d48, org.springframework.test.context.support.DirtiesContextBeforeModesTestExecutionListener@402623ba, org.springframework.boot.test.mock.mockito.MockitoTestExecutionListener@3cea4a14, org.springframework.boot.test.autoconfigure.SpringBootDependencyInjectionTestExecutionListener@4e25b9bb, org.springframework.test.context.support.DirtiesContextTestExecutionListener@66dc8c4a, org.springframework.test.context.transaction.TransactionalTestExecutionListener@179648d8, org.springframework.test.context.jdbc.SqlScriptsTestExecutionListener@79421ad4, org.springframework.security.test.context.support.WithSecurityContextTestExecutionListener@1a499c26, org.springframework.security.test.context.support.ReactorContextTestExecutionListener@1875edf9, org.springframework.boot.test.autoconfigure.restdocs.RestDocsTestExecutionListener@3d00b6a7, org.springframework.boot.test.autoconfigure.web.client.MockRestServiceServerResetTestExecutionListener@54fd8f69, org.springframework.boot.test.autoconfigure.web.servlet.MockMvcPrintOnlyOnFailureTestExecutionListener@283917c, org.springframework.boot.test.autoconfigure.web.servlet.WebDriverTestExecutionListener@352eaef0, org.springframework.boot.test.mock.mockito.ResetMocksTestExecutionListener@d23837c]
]]></system-out>
  <system-err><![CDATA[]]></system-err>
</testsuite>
