<?xml version="1.0" encoding="UTF-8"?>
<testsuite name="com.jojoldu.book.springboot.web.HelloControllerTest" tests="2" skipped="0" failures="0" errors="0" timestamp="2021-09-03T05:25:05" hostname="DESKTOP-CPL6A0L" time="0.312">
  <properties/>
  <testcase name="hello가_리턴된다" classname="com.jojoldu.book.springboot.web.HelloControllerTest" time="0.135"/>
  <testcase name="helloDto가_리턴된다" classname="com.jojoldu.book.springboot.web.HelloControllerTest" time="0.176"/>
  <system-out><![CDATA[2021-09-03 14:25:03.701  INFO 12008 --- [    Test worker] .b.t.a.w.s.WebMvcTestContextBootstrapper : Neither @ContextConfiguration nor @ContextHierarchy found for test class [com.jojoldu.book.springboot.web.HelloControllerTest], using SpringBootContextLoader
2021-09-03 14:25:03.701  INFO 12008 --- [    Test worker] o.s.t.c.support.AbstractContextLoader    : Could not detect default resource locations for test class [com.jojoldu.book.springboot.web.HelloControllerTest]: no resource found for suffixes {-context.xml, Context.groovy}.
2021-09-03 14:25:03.701  INFO 12008 --- [    Test worker] t.c.s.AnnotationConfigContextLoaderUtils : Could not detect default configuration classes for test class [com.jojoldu.book.springboot.web.HelloControllerTest]: HelloControllerTest does not declare any static, non-private, non-final, nested classes annotated with @Configuration.
2021-09-03 14:25:03.765  INFO 12008 --- [    Test worker] .b.t.c.SpringBootTestContextBootstrapper : Found @SpringBootConfiguration com.jojoldu.book.springboot.Application for test class com.jojoldu.book.springboot.web.HelloControllerTest
2021-09-03 14:25:03.765  INFO 12008 --- [    Test worker] .b.t.a.w.s.WebMvcTestContextBootstrapper : Loaded default TestExecutionListener class names from location [META-INF/spring.factories]: [org.springframework.security.test.context.support.WithSecurityContextTestExecutionListener, org.springframework.security.test.context.support.ReactorContextTestExecutionListener, org.springframework.boot.test.autoconfigure.restdocs.RestDocsTestExecutionListener, org.springframework.boot.test.autoconfigure.web.client.MockRestServiceServerResetTestExecutionListener, org.springframework.boot.test.autoconfigure.web.servlet.MockMvcPrintOnlyOnFailureTestExecutionListener, org.springframework.boot.test.autoconfigure.web.servlet.WebDriverTestExecutionListener, org.springframework.boot.test.mock.mockito.MockitoTestExecutionListener, org.springframework.boot.test.mock.mockito.ResetMocksTestExecutionListener, org.springframework.test.context.web.ServletTestExecutionListener, org.springframework.test.context.support.DirtiesContextBeforeModesTestExecutionListener, org.springframework.test.context.support.DependencyInjectionTestExecutionListener, org.springframework.test.context.support.DirtiesContextTestExecutionListener, org.springframework.test.context.transaction.TransactionalTestExecutionListener, org.springframework.test.context.jdbc.SqlScriptsTestExecutionListener]
2021-09-03 14:25:03.765  INFO 12008 --- [    Test worker] .b.t.a.w.s.WebMvcTestContextBootstrapper : Using TestExecutionListeners: [org.springframework.test.context.web.ServletTestExecutionListener@7304a171, org.springframework.test.context.support.DirtiesContextBeforeModesTestExecutionListener@466c1aed, org.springframework.boot.test.mock.mockito.MockitoTestExecutionListener@6dbd7c0b, org.springframework.boot.test.autoconfigure.SpringBootDependencyInjectionTestExecutionListener@69dd6eaf, org.springframework.test.context.support.DirtiesContextTestExecutionListener@3f8455cc, org.springframework.test.context.transaction.TransactionalTestExecutionListener@19198ba3, org.springframework.test.context.jdbc.SqlScriptsTestExecutionListener@1fc2e1af, org.springframework.security.test.context.support.WithSecurityContextTestExecutionListener@1d685cee, org.springframework.security.test.context.support.ReactorContextTestExecutionListener@df40ba, org.springframework.boot.test.autoconfigure.restdocs.RestDocsTestExecutionListener@55ce8791, org.springframework.boot.test.autoconfigure.web.client.MockRestServiceServerResetTestExecutionListener@5d09cb1e, org.springframework.boot.test.autoconfigure.web.servlet.MockMvcPrintOnlyOnFailureTestExecutionListener@2d9737d, org.springframework.boot.test.autoconfigure.web.servlet.WebDriverTestExecutionListener@7879290c, org.springframework.boot.test.mock.mockito.ResetMocksTestExecutionListener@592acb9d]

  .   ____          _            __ _ _
 /\\ / ___'_ __ _ _(_)_ __  __ _ \ \ \ \
( ( )\___ | '_ | '_| | '_ \/ _` | \ \ \ \
 \\/  ___)| |_)| | | | | || (_| |  ) ) ) )
  '  |____| .__|_| |_|_| |_\__, | / / / /
 =========|_|==============|___/=/_/_/_/
 :: Spring Boot ::        (v2.1.9.RELEASE)

2021-09-03 14:25:03.831  INFO 12008 --- [    Test worker] c.j.b.s.web.HelloControllerTest          : Starting HelloControllerTest on DESKTOP-CPL6A0L with PID 12008 (started by doqnt in C:\dev\spring initializr\freelec-springboot2-webservice)
2021-09-03 14:25:03.831  INFO 12008 --- [    Test worker] c.j.b.s.web.HelloControllerTest          : No active profile set, falling back to default profiles: default
2021-09-03 14:25:04.780  INFO 12008 --- [    Test worker] o.s.s.concurrent.ThreadPoolTaskExecutor  : Initializing ExecutorService 'applicationTaskExecutor'
2021-09-03 14:25:04.842  INFO 12008 --- [    Test worker] o.s.b.a.w.s.WelcomePageHandlerMapping    : Adding welcome page template: index
2021-09-03 14:25:05.250  INFO 12008 --- [    Test worker] .s.s.UserDetailsServiceAutoConfiguration : 

Using generated security password: cfdad796-8c65-413d-a692-32ebbf120b5b

2021-09-03 14:25:05.476  INFO 12008 --- [    Test worker] o.s.s.web.DefaultSecurityFilterChain     : Creating filter chain: any request, [org.springframework.security.web.context.request.async.WebAsyncManagerIntegrationFilter@28fa659, org.springframework.security.web.context.SecurityContextPersistenceFilter@4657316e, org.springframework.security.web.header.HeaderWriterFilter@679949a1, org.springframework.security.web.csrf.CsrfFilter@7232f43d, org.springframework.security.web.authentication.logout.LogoutFilter@65af694a, org.springframework.security.web.authentication.UsernamePasswordAuthenticationFilter@fd6655b, org.springframework.security.web.authentication.ui.DefaultLoginPageGeneratingFilter@7b11221e, org.springframework.security.web.authentication.ui.DefaultLogoutPageGeneratingFilter@70cd9347, org.springframework.security.web.authentication.www.BasicAuthenticationFilter@1c5a00bf, org.springframework.security.web.savedrequest.RequestCacheAwareFilter@2a284c70, org.springframework.security.web.servletapi.SecurityContextHolderAwareRequestFilter@751ccd5, org.springframework.security.web.authentication.AnonymousAuthenticationFilter@3cde3a19, org.springframework.security.web.session.SessionManagementFilter@2efca73, org.springframework.security.web.access.ExceptionTranslationFilter@5f2666a2, org.springframework.security.web.access.intercept.FilterSecurityInterceptor@7d49a9ff]
2021-09-03 14:25:05.555  INFO 12008 --- [    Test worker] o.s.b.t.m.w.SpringBootMockServletContext : Initializing Spring TestDispatcherServlet ''
2021-09-03 14:25:05.555  INFO 12008 --- [    Test worker] o.s.t.web.servlet.TestDispatcherServlet  : Initializing Servlet ''
2021-09-03 14:25:05.586  INFO 12008 --- [    Test worker] o.s.t.web.servlet.TestDispatcherServlet  : Completed initialization in 31 ms
2021-09-03 14:25:05.661  INFO 12008 --- [    Test worker] c.j.b.s.web.HelloControllerTest          : Started HelloControllerTest in 1.88 seconds (JVM running for 16.456)
]]></system-out>
  <system-err><![CDATA[]]></system-err>
</testsuite>
