<?xml version="1.0" encoding="UTF-8"?>
<testsuite name="com.jojoldu.book.springboot.web.HelloControllerTest" tests="2" skipped="0" failures="0" errors="0" timestamp="2021-09-03T10:30:42" hostname="DESKTOP-CPL6A0L" time="0.179">
  <properties/>
  <testcase name="hello가_리턴된다" classname="com.jojoldu.book.springboot.web.HelloControllerTest" time="0.082"/>
  <testcase name="helloDto가_리턴된다" classname="com.jojoldu.book.springboot.web.HelloControllerTest" time="0.096"/>
  <system-out><![CDATA[2021-09-03 19:30:41.136  INFO 22396 --- [    Test worker] .b.t.a.w.s.WebMvcTestContextBootstrapper : Neither @ContextConfiguration nor @ContextHierarchy found for test class [com.jojoldu.book.springboot.web.HelloControllerTest], using SpringBootContextLoader
2021-09-03 19:30:41.136  INFO 22396 --- [    Test worker] o.s.t.c.support.AbstractContextLoader    : Could not detect default resource locations for test class [com.jojoldu.book.springboot.web.HelloControllerTest]: no resource found for suffixes {-context.xml, Context.groovy}.
2021-09-03 19:30:41.136  INFO 22396 --- [    Test worker] t.c.s.AnnotationConfigContextLoaderUtils : Could not detect default configuration classes for test class [com.jojoldu.book.springboot.web.HelloControllerTest]: HelloControllerTest does not declare any static, non-private, non-final, nested classes annotated with @Configuration.
2021-09-03 19:30:41.209  INFO 22396 --- [    Test worker] .b.t.c.SpringBootTestContextBootstrapper : Found @SpringBootConfiguration com.jojoldu.book.springboot.Application for test class com.jojoldu.book.springboot.web.HelloControllerTest
2021-09-03 19:30:41.209  INFO 22396 --- [    Test worker] .b.t.a.w.s.WebMvcTestContextBootstrapper : Loaded default TestExecutionListener class names from location [META-INF/spring.factories]: [org.springframework.security.test.context.support.WithSecurityContextTestExecutionListener, org.springframework.security.test.context.support.ReactorContextTestExecutionListener, org.springframework.boot.test.autoconfigure.restdocs.RestDocsTestExecutionListener, org.springframework.boot.test.autoconfigure.web.client.MockRestServiceServerResetTestExecutionListener, org.springframework.boot.test.autoconfigure.web.servlet.MockMvcPrintOnlyOnFailureTestExecutionListener, org.springframework.boot.test.autoconfigure.web.servlet.WebDriverTestExecutionListener, org.springframework.boot.test.mock.mockito.MockitoTestExecutionListener, org.springframework.boot.test.mock.mockito.ResetMocksTestExecutionListener, org.springframework.test.context.web.ServletTestExecutionListener, org.springframework.test.context.support.DirtiesContextBeforeModesTestExecutionListener, org.springframework.test.context.support.DependencyInjectionTestExecutionListener, org.springframework.test.context.support.DirtiesContextTestExecutionListener, org.springframework.test.context.transaction.TransactionalTestExecutionListener, org.springframework.test.context.jdbc.SqlScriptsTestExecutionListener]
2021-09-03 19:30:41.209  INFO 22396 --- [    Test worker] .b.t.a.w.s.WebMvcTestContextBootstrapper : Using TestExecutionListeners: [org.springframework.test.context.web.ServletTestExecutionListener@df40ba, org.springframework.test.context.support.DirtiesContextBeforeModesTestExecutionListener@55ce8791, org.springframework.boot.test.mock.mockito.MockitoTestExecutionListener@5d09cb1e, org.springframework.boot.test.autoconfigure.SpringBootDependencyInjectionTestExecutionListener@2d9737d, org.springframework.test.context.support.DirtiesContextTestExecutionListener@7879290c, org.springframework.test.context.transaction.TransactionalTestExecutionListener@592acb9d, org.springframework.test.context.jdbc.SqlScriptsTestExecutionListener@4ae8aa9d, org.springframework.security.test.context.support.WithSecurityContextTestExecutionListener@3e36a26, org.springframework.security.test.context.support.ReactorContextTestExecutionListener@32e3021f, org.springframework.boot.test.autoconfigure.restdocs.RestDocsTestExecutionListener@3d9a41fd, org.springframework.boot.test.autoconfigure.web.client.MockRestServiceServerResetTestExecutionListener@32a9a891, org.springframework.boot.test.autoconfigure.web.servlet.MockMvcPrintOnlyOnFailureTestExecutionListener@2a8346b8, org.springframework.boot.test.autoconfigure.web.servlet.WebDriverTestExecutionListener@da5a0d, org.springframework.boot.test.mock.mockito.ResetMocksTestExecutionListener@6f206642]

  .   ____          _            __ _ _
 /\\ / ___'_ __ _ _(_)_ __  __ _ \ \ \ \
( ( )\___ | '_ | '_| | '_ \/ _` | \ \ \ \
 \\/  ___)| |_)| | | | | || (_| |  ) ) ) )
  '  |____| .__|_| |_|_| |_\__, | / / / /
 =========|_|==============|___/=/_/_/_/
 :: Spring Boot ::        (v2.1.9.RELEASE)

2021-09-03 19:30:41.256  INFO 22396 --- [    Test worker] c.j.b.s.web.HelloControllerTest          : Starting HelloControllerTest on DESKTOP-CPL6A0L with PID 22396 (started by doqnt in C:\dev\spring initializr\freelec-springboot2-webservice)
2021-09-03 19:30:41.256  INFO 22396 --- [    Test worker] c.j.b.s.web.HelloControllerTest          : No active profile set, falling back to default profiles: default
2021-09-03 19:30:41.859  INFO 22396 --- [    Test worker] o.s.s.concurrent.ThreadPoolTaskExecutor  : Initializing ExecutorService 'applicationTaskExecutor'
2021-09-03 19:30:41.891  INFO 22396 --- [    Test worker] o.s.b.a.w.s.WelcomePageHandlerMapping    : Adding welcome page template: index
2021-09-03 19:30:42.143  INFO 22396 --- [    Test worker] .s.s.UserDetailsServiceAutoConfiguration : 

Using generated security password: a71cc8ac-bd02-413f-8ccc-4396fa89f29a

2021-09-03 19:30:42.266  INFO 22396 --- [    Test worker] o.s.s.web.DefaultSecurityFilterChain     : Creating filter chain: any request, [org.springframework.security.web.context.request.async.WebAsyncManagerIntegrationFilter@2d11f9e8, org.springframework.security.web.context.SecurityContextPersistenceFilter@67d3ca3, org.springframework.security.web.header.HeaderWriterFilter@65af694a, org.springframework.security.web.csrf.CsrfFilter@7b11221e, org.springframework.security.web.authentication.logout.LogoutFilter@209a554a, org.springframework.security.web.authentication.UsernamePasswordAuthenticationFilter@3cde3a19, org.springframework.security.web.authentication.ui.DefaultLoginPageGeneratingFilter@fd6655b, org.springframework.security.web.authentication.ui.DefaultLogoutPageGeneratingFilter@76ac5717, org.springframework.security.web.authentication.www.BasicAuthenticationFilter@44c9a05a, org.springframework.security.web.savedrequest.RequestCacheAwareFilter@633279ea, org.springframework.security.web.servletapi.SecurityContextHolderAwareRequestFilter@7d49a9ff, org.springframework.security.web.authentication.AnonymousAuthenticationFilter@7f6ef2e8, org.springframework.security.web.session.SessionManagementFilter@17dca633, org.springframework.security.web.access.ExceptionTranslationFilter@6c113779, org.springframework.security.web.access.intercept.FilterSecurityInterceptor@70cd9347]
2021-09-03 19:30:42.314  INFO 22396 --- [    Test worker] o.s.b.t.m.w.SpringBootMockServletContext : Initializing Spring TestDispatcherServlet ''
2021-09-03 19:30:42.314  INFO 22396 --- [    Test worker] o.s.t.web.servlet.TestDispatcherServlet  : Initializing Servlet ''
2021-09-03 19:30:42.329  INFO 22396 --- [    Test worker] o.s.t.web.servlet.TestDispatcherServlet  : Completed initialization in 15 ms
2021-09-03 19:30:42.354  INFO 22396 --- [    Test worker] c.j.b.s.web.HelloControllerTest          : Started HelloControllerTest in 1.145 seconds (JVM running for 10.299)
]]></system-out>
  <system-err><![CDATA[]]></system-err>
</testsuite>
