<?xml version="1.0" encoding="UTF-8"?>
<testsuite name="com.jojoldu.book.springboot.web.ProfileControllerTest" tests="1" skipped="0" failures="0" errors="0" timestamp="2021-09-03T05:25:11" hostname="DESKTOP-CPL6A0L" time="0.027">
  <properties/>
  <testcase name="profile은_인증없이_호출된다" classname="com.jojoldu.book.springboot.web.ProfileControllerTest" time="0.027"/>
  <system-out><![CDATA[2021-09-03 14:25:11.229  INFO 12008 --- [    Test worker] .b.t.c.SpringBootTestContextBootstrapper : Neither @ContextConfiguration nor @ContextHierarchy found for test class [com.jojoldu.book.springboot.web.ProfileControllerTest], using SpringBootContextLoader
2021-09-03 14:25:11.229  INFO 12008 --- [    Test worker] o.s.t.c.support.AbstractContextLoader    : Could not detect default resource locations for test class [com.jojoldu.book.springboot.web.ProfileControllerTest]: no resource found for suffixes {-context.xml, Context.groovy}.
2021-09-03 14:25:11.229  INFO 12008 --- [    Test worker] t.c.s.AnnotationConfigContextLoaderUtils : Could not detect default configuration classes for test class [com.jojoldu.book.springboot.web.ProfileControllerTest]: ProfileControllerTest does not declare any static, non-private, non-final, nested classes annotated with @Configuration.
2021-09-03 14:25:11.229  INFO 12008 --- [    Test worker] .b.t.c.SpringBootTestContextBootstrapper : Found @SpringBootConfiguration com.jojoldu.book.springboot.Application for test class com.jojoldu.book.springboot.web.ProfileControllerTest
2021-09-03 14:25:11.229  INFO 12008 --- [    Test worker] .b.t.c.SpringBootTestContextBootstrapper : Loaded default TestExecutionListener class names from location [META-INF/spring.factories]: [org.springframework.security.test.context.support.WithSecurityContextTestExecutionListener, org.springframework.security.test.context.support.ReactorContextTestExecutionListener, org.springframework.boot.test.autoconfigure.restdocs.RestDocsTestExecutionListener, org.springframework.boot.test.autoconfigure.web.client.MockRestServiceServerResetTestExecutionListener, org.springframework.boot.test.autoconfigure.web.servlet.MockMvcPrintOnlyOnFailureTestExecutionListener, org.springframework.boot.test.autoconfigure.web.servlet.WebDriverTestExecutionListener, org.springframework.boot.test.mock.mockito.MockitoTestExecutionListener, org.springframework.boot.test.mock.mockito.ResetMocksTestExecutionListener, org.springframework.test.context.web.ServletTestExecutionListener, org.springframework.test.context.support.DirtiesContextBeforeModesTestExecutionListener, org.springframework.test.context.support.DependencyInjectionTestExecutionListener, org.springframework.test.context.support.DirtiesContextTestExecutionListener, org.springframework.test.context.transaction.TransactionalTestExecutionListener, org.springframework.test.context.jdbc.SqlScriptsTestExecutionListener]
2021-09-03 14:25:11.242  INFO 12008 --- [    Test worker] .b.t.c.SpringBootTestContextBootstrapper : Using TestExecutionListeners: [org.springframework.test.context.web.ServletTestExecutionListener@362b062d, org.springframework.test.context.support.DirtiesContextBeforeModesTestExecutionListener@5d93639c, org.springframework.boot.test.mock.mockito.MockitoTestExecutionListener@750cc2df, org.springframework.boot.test.autoconfigure.SpringBootDependencyInjectionTestExecutionListener@4a0f7479, org.springframework.test.context.support.DirtiesContextTestExecutionListener@24fb097b, org.springframework.test.context.transaction.TransactionalTestExecutionListener@62b211fb, org.springframework.test.context.jdbc.SqlScriptsTestExecutionListener@71bb3d48, org.springframework.security.test.context.support.WithSecurityContextTestExecutionListener@402623ba, org.springframework.security.test.context.support.ReactorContextTestExecutionListener@3cea4a14, org.springframework.boot.test.autoconfigure.restdocs.RestDocsTestExecutionListener@4e25b9bb, org.springframework.boot.test.autoconfigure.web.client.MockRestServiceServerResetTestExecutionListener@66dc8c4a, org.springframework.boot.test.autoconfigure.web.servlet.MockMvcPrintOnlyOnFailureTestExecutionListener@179648d8, org.springframework.boot.test.autoconfigure.web.servlet.WebDriverTestExecutionListener@79421ad4, org.springframework.boot.test.mock.mockito.ResetMocksTestExecutionListener@1a499c26]
]]></system-out>
  <system-err><![CDATA[]]></system-err>
</testsuite>
