<?xml version="1.0" encoding="UTF-8"?>
<testsuite name="com.jojoldu.book.springboot.web.IndexControllerTest" tests="1" skipped="0" failures="0" errors="0" timestamp="2021-09-03T05:25:10" hostname="DESKTOP-CPL6A0L" time="0.432">
  <properties/>
  <testcase name="메인페이지_로딩" classname="com.jojoldu.book.springboot.web.IndexControllerTest" time="0.432"/>
  <system-out><![CDATA[2021-09-03 14:25:05.982  INFO 12008 --- [    Test worker] .b.t.c.SpringBootTestContextBootstrapper : Neither @ContextConfiguration nor @ContextHierarchy found for test class [com.jojoldu.book.springboot.web.IndexControllerTest], using SpringBootContextLoader
2021-09-03 14:25:05.982  INFO 12008 --- [    Test worker] o.s.t.c.support.AbstractContextLoader    : Could not detect default resource locations for test class [com.jojoldu.book.springboot.web.IndexControllerTest]: no resource found for suffixes {-context.xml, Context.groovy}.
2021-09-03 14:25:05.982  INFO 12008 --- [    Test worker] t.c.s.AnnotationConfigContextLoaderUtils : Could not detect default configuration classes for test class [com.jojoldu.book.springboot.web.IndexControllerTest]: IndexControllerTest does not declare any static, non-private, non-final, nested classes annotated with @Configuration.
2021-09-03 14:25:05.982  INFO 12008 --- [    Test worker] .b.t.c.SpringBootTestContextBootstrapper : Found @SpringBootConfiguration com.jojoldu.book.springboot.Application for test class com.jojoldu.book.springboot.web.IndexControllerTest
2021-09-03 14:25:05.982  INFO 12008 --- [    Test worker] .b.t.c.SpringBootTestContextBootstrapper : Loaded default TestExecutionListener class names from location [META-INF/spring.factories]: [org.springframework.security.test.context.support.WithSecurityContextTestExecutionListener, org.springframework.security.test.context.support.ReactorContextTestExecutionListener, org.springframework.boot.test.autoconfigure.restdocs.RestDocsTestExecutionListener, org.springframework.boot.test.autoconfigure.web.client.MockRestServiceServerResetTestExecutionListener, org.springframework.boot.test.autoconfigure.web.servlet.MockMvcPrintOnlyOnFailureTestExecutionListener, org.springframework.boot.test.autoconfigure.web.servlet.WebDriverTestExecutionListener, org.springframework.boot.test.mock.mockito.MockitoTestExecutionListener, org.springframework.boot.test.mock.mockito.ResetMocksTestExecutionListener, org.springframework.test.context.web.ServletTestExecutionListener, org.springframework.test.context.support.DirtiesContextBeforeModesTestExecutionListener, org.springframework.test.context.support.DependencyInjectionTestExecutionListener, org.springframework.test.context.support.DirtiesContextTestExecutionListener, org.springframework.test.context.transaction.TransactionalTestExecutionListener, org.springframework.test.context.jdbc.SqlScriptsTestExecutionListener]
2021-09-03 14:25:05.982  INFO 12008 --- [    Test worker] .b.t.c.SpringBootTestContextBootstrapper : Using TestExecutionListeners: [org.springframework.test.context.web.ServletTestExecutionListener@767b10bb, org.springframework.test.context.support.DirtiesContextBeforeModesTestExecutionListener@10d41542, org.springframework.boot.test.mock.mockito.MockitoTestExecutionListener@41493847, org.springframework.boot.test.autoconfigure.SpringBootDependencyInjectionTestExecutionListener@79421c40, org.springframework.test.context.support.DirtiesContextTestExecutionListener@5712251b, org.springframework.test.context.transaction.TransactionalTestExecutionListener@67dc44be, org.springframework.test.context.jdbc.SqlScriptsTestExecutionListener@6f5fc302, org.springframework.security.test.context.support.WithSecurityContextTestExecutionListener@69672b5, org.springframework.security.test.context.support.ReactorContextTestExecutionListener@40eab581, org.springframework.boot.test.autoconfigure.restdocs.RestDocsTestExecutionListener@4596f096, org.springframework.boot.test.autoconfigure.web.client.MockRestServiceServerResetTestExecutionListener@54407cf5, org.springframework.boot.test.autoconfigure.web.servlet.MockMvcPrintOnlyOnFailureTestExecutionListener@61f6af12, org.springframework.boot.test.autoconfigure.web.servlet.WebDriverTestExecutionListener@74a54810, org.springframework.boot.test.mock.mockito.ResetMocksTestExecutionListener@6c50452]

  .   ____          _            __ _ _
 /\\ / ___'_ __ _ _(_)_ __  __ _ \ \ \ \
( ( )\___ | '_ | '_| | '_ \/ _` | \ \ \ \
 \\/  ___)| |_)| | | | | || (_| |  ) ) ) )
  '  |____| .__|_| |_|_| |_\__, | / / / /
 =========|_|==============|___/=/_/_/_/
 :: Spring Boot ::        (v2.1.9.RELEASE)

2021-09-03 14:25:06.046  INFO 12008 --- [    Test worker] c.j.b.s.web.IndexControllerTest          : Starting IndexControllerTest on DESKTOP-CPL6A0L with PID 12008 (started by doqnt in C:\dev\spring initializr\freelec-springboot2-webservice)
2021-09-03 14:25:06.046  INFO 12008 --- [    Test worker] c.j.b.s.web.IndexControllerTest          : No active profile set, falling back to default profiles: default
2021-09-03 14:25:06.494  INFO 12008 --- [    Test worker] .s.d.r.c.RepositoryConfigurationDelegate : Bootstrapping Spring Data repositories in DEFAULT mode.
2021-09-03 14:25:06.591  INFO 12008 --- [    Test worker] .s.d.r.c.RepositoryConfigurationDelegate : Finished Spring Data repository scanning in 97ms. Found 2 repository interfaces.
2021-09-03 14:25:06.769  INFO 12008 --- [    Test worker] trationDelegate$BeanPostProcessorChecker : Bean 'org.springframework.transaction.annotation.ProxyTransactionManagementConfiguration' of type [org.springframework.transaction.annotation.ProxyTransactionManagementConfiguration$$EnhancerBySpringCGLIB$$3aac26eb] is not eligible for getting processed by all BeanPostProcessors (for example: not eligible for auto-proxying)
2021-09-03 14:25:07.381  INFO 12008 --- [    Test worker] o.s.b.w.embedded.tomcat.TomcatWebServer  : Tomcat initialized with port(s): 0 (http)
2021-09-03 14:25:07.447  INFO 12008 --- [    Test worker] o.apache.catalina.core.StandardService   : Starting service [Tomcat]
2021-09-03 14:25:07.447  INFO 12008 --- [    Test worker] org.apache.catalina.core.StandardEngine  : Starting Servlet engine: [Apache Tomcat/9.0.26]
2021-09-03 14:25:07.877  INFO 12008 --- [    Test worker] o.a.c.c.C.[Tomcat].[localhost].[/]       : Initializing Spring embedded WebApplicationContext
2021-09-03 14:25:07.877  INFO 12008 --- [    Test worker] o.s.web.context.ContextLoader            : Root WebApplicationContext: initialization completed in 1815 ms
2021-09-03 14:25:08.270  INFO 12008 --- [    Test worker] com.zaxxer.hikari.HikariDataSource       : HikariPool-2 - Starting...
2021-09-03 14:25:08.270  INFO 12008 --- [    Test worker] com.zaxxer.hikari.HikariDataSource       : HikariPool-2 - Start completed.
2021-09-03 14:25:08.367  INFO 12008 --- [    Test worker] o.hibernate.jpa.internal.util.LogHelper  : HHH000204: Processing PersistenceUnitInfo [
	name: default
	...]
2021-09-03 14:25:08.414  INFO 12008 --- [    Test worker] org.hibernate.dialect.Dialect            : HHH000400: Using dialect: org.hibernate.dialect.MySQL5InnoDBDialect
Hibernate: drop table if exists posts
Hibernate: drop table if exists user
Hibernate: create table posts (id bigint not null auto_increment, created_date datetime, modified_date datetime, author varchar(255), content TEXT not null, title varchar(500) not null, primary key (id)) engine=InnoDB
Hibernate: create table user (id bigint not null auto_increment, created_date datetime, modified_date datetime, email varchar(255) not null, name varchar(255) not null, picture varchar(255), role varchar(255) not null, primary key (id)) engine=InnoDB
2021-09-03 14:25:08.512  INFO 12008 --- [    Test worker] o.h.t.schema.internal.SchemaCreatorImpl  : HHH000476: Executing import script 'org.hibernate.tool.schema.internal.exec.ScriptSourceInputNonExistentImpl@6d60980'
2021-09-03 14:25:08.512  INFO 12008 --- [    Test worker] j.LocalContainerEntityManagerFactoryBean : Initialized JPA EntityManagerFactory for persistence unit 'default'
2021-09-03 14:25:09.182  INFO 12008 --- [    Test worker] o.h.h.i.QueryTranslatorFactoryInitiator  : HHH000397: Using ASTQueryTranslatorFactory
2021-09-03 14:25:09.511  INFO 12008 --- [    Test worker] o.s.s.web.DefaultSecurityFilterChain     : Creating filter chain: any request, [org.springframework.security.web.context.request.async.WebAsyncManagerIntegrationFilter@4afcca08, org.springframework.security.web.context.SecurityContextPersistenceFilter@cb0e55, org.springframework.security.web.header.HeaderWriterFilter@7655119f, org.springframework.security.web.authentication.logout.LogoutFilter@16122867, org.springframework.security.oauth2.client.web.OAuth2AuthorizationRequestRedirectFilter@535a3cb9, org.springframework.security.oauth2.client.web.OAuth2LoginAuthenticationFilter@4fc72e51, org.springframework.security.web.authentication.ui.DefaultLoginPageGeneratingFilter@4ef32e4a, org.springframework.security.web.authentication.ui.DefaultLogoutPageGeneratingFilter@74370783, org.springframework.security.web.savedrequest.RequestCacheAwareFilter@da6f77e, org.springframework.security.web.servletapi.SecurityContextHolderAwareRequestFilter@5321d6bc, org.springframework.security.web.authentication.AnonymousAuthenticationFilter@760a4248, org.springframework.security.web.session.SessionManagementFilter@b62d5bf, org.springframework.security.web.access.ExceptionTranslationFilter@47e9412b, org.springframework.security.web.access.intercept.FilterSecurityInterceptor@4e3e0975]
2021-09-03 14:25:09.889  INFO 12008 --- [    Test worker] o.s.s.concurrent.ThreadPoolTaskExecutor  : Initializing ExecutorService 'applicationTaskExecutor'
2021-09-03 14:25:09.918  WARN 12008 --- [    Test worker] aWebConfiguration$JpaWebMvcConfiguration : spring.jpa.open-in-view is enabled by default. Therefore, database queries may be performed during view rendering. Explicitly configure spring.jpa.open-in-view to disable this warning
2021-09-03 14:25:09.980  INFO 12008 --- [    Test worker] o.s.b.a.w.s.WelcomePageHandlerMapping    : Adding welcome page template: index
2021-09-03 14:25:10.483  INFO 12008 --- [    Test worker] s.a.ScheduledAnnotationBeanPostProcessor : No TaskScheduler/ScheduledExecutorService bean found for scheduled processing
2021-09-03 14:25:10.529  INFO 12008 --- [    Test worker] o.s.b.w.embedded.tomcat.TomcatWebServer  : Tomcat started on port(s): 50511 (http) with context path ''
2021-09-03 14:25:10.529  INFO 12008 --- [    Test worker] c.j.b.s.web.IndexControllerTest          : Started IndexControllerTest in 4.547 seconds (JVM running for 21.333)
2021-09-03 14:25:10.747  INFO 12008 --- [o-auto-1-exec-1] o.a.c.c.C.[Tomcat].[localhost].[/]       : Initializing Spring DispatcherServlet 'dispatcherServlet'
2021-09-03 14:25:10.747  INFO 12008 --- [o-auto-1-exec-1] o.s.web.servlet.DispatcherServlet        : Initializing Servlet 'dispatcherServlet'
2021-09-03 14:25:10.795  INFO 12008 --- [o-auto-1-exec-1] o.s.web.servlet.DispatcherServlet        : Completed initialization in 48 ms
Hibernate: select posts0_.id as id1_0_, posts0_.created_date as created_2_0_, posts0_.modified_date as modified3_0_, posts0_.author as author4_0_, posts0_.content as content5_0_, posts0_.title as title6_0_ from posts posts0_ order by posts0_.id DESC
]]></system-out>
  <system-err><![CDATA[]]></system-err>
</testsuite>
